Using pre-set license
Built from '2021.3/staging' branch; Version is '2021.3.20f1 (577897200b8b) revision 5732503'; Using compiler version '192829333'; Build Type 'Release'
OS: 'Windows 10  (10.0.19045) 64bit CoreSingleLanguage' Language: 'en' Physical Memory: 7985 MB
BatchMode: 1, IsHumanControllingUs: 0, StartBugReporterOnCrash: 0, Is64bit: 1, IsPro: 1

COMMAND LINE ARGUMENTS:
C:\Program Files\Unity\Hub\Editor\2021.3.20f1\Editor\Unity.exe
-adb2
-batchMode
-noUpm
-name
AssetImportWorker1
-projectPath
D:/Unity/Baitap1
-logFile
Logs/AssetImportWorker1.log
-srvPort
2130
Successfully changed project path to: D:/Unity/Baitap1
D:/Unity/Baitap1
[UnityMemory] Configuration Parameters - Can be set up in boot.config
    "memorysetup-bucket-allocator-granularity=16"
    "memorysetup-bucket-allocator-bucket-count=8"
    "memorysetup-bucket-allocator-block-size=33554432"
    "memorysetup-bucket-allocator-block-count=8"
    "memorysetup-main-allocator-block-size=16777216"
    "memorysetup-thread-allocator-block-size=16777216"
    "memorysetup-gfx-main-allocator-block-size=16777216"
    "memorysetup-gfx-thread-allocator-block-size=16777216"
    "memorysetup-cache-allocator-block-size=4194304"
    "memorysetup-typetree-allocator-block-size=2097152"
    "memorysetup-profiler-bucket-allocator-granularity=16"
    "memorysetup-profiler-bucket-allocator-bucket-count=8"
    "memorysetup-profiler-bucket-allocator-block-size=33554432"
    "memorysetup-profiler-bucket-allocator-block-count=8"
    "memorysetup-profiler-allocator-block-size=16777216"
    "memorysetup-profiler-editor-allocator-block-size=1048576"
    "memorysetup-temp-allocator-size-main=16777216"
    "memorysetup-job-temp-allocator-block-size=2097152"
    "memorysetup-job-temp-allocator-block-size-background=1048576"
    "memorysetup-job-temp-allocator-reduction-small-platforms=262144"
    "memorysetup-temp-allocator-size-background-worker=32768"
    "memorysetup-temp-allocator-size-job-worker=262144"
    "memorysetup-temp-allocator-size-preload-manager=33554432"
    "memorysetup-temp-allocator-size-nav-mesh-worker=65536"
    "memorysetup-temp-allocator-size-audio-worker=65536"
    "memorysetup-temp-allocator-size-cloud-worker=32768"
    "memorysetup-temp-allocator-size-gi-baking-worker=262144"
    "memorysetup-temp-allocator-size-gfx=262144"
Player connection [7656] Host "[IP] 192.168.146.1 [Port] 0 [Flags] 2 [Guid] 3700047131 [EditorId] 3700047131 [Version] 1048832 [Id] WindowsEditor(7,DESKTOP-K6717ME) [Debug] 1 [PackageName] WindowsEditor [ProjectName] Editor" joined multi-casting on [225.0.0.222:54997]...

Player connection [7656] Host "[IP] 192.168.146.1 [Port] 0 [Flags] 2 [Guid] 3700047131 [EditorId] 3700047131 [Version] 1048832 [Id] WindowsEditor(7,DESKTOP-K6717ME) [Debug] 1 [PackageName] WindowsEditor [ProjectName] Editor" joined alternative multi-casting on [225.0.0.222:34997]...

Refreshing native plugins compatible for Editor in 83.19 ms, found 3 plugins.
Preloading 0 native plugins for Editor in 0.00 ms.
Initialize engine version: 2021.3.20f1 (577897200b8b)
[Subsystems] Discovering subsystems at path C:/Program Files/Unity/Hub/Editor/2021.3.20f1/Editor/Data/Resources/UnitySubsystems
[Subsystems] Discovering subsystems at path D:/Unity/Baitap1/Assets
GfxDevice: creating device client; threaded=0; jobified=0
Direct3D:
    Version:  Direct3D 11.0 [level 11.1]
    Renderer: NVIDIA GeForce GTX 1650 Ti (ID=0x1f95)
    Vendor:   NVIDIA
    VRAM:     3962 MB
    Driver:   30.0.15.1272
Initialize mono
Mono path[0] = 'C:/Program Files/Unity/Hub/Editor/2021.3.20f1/Editor/Data/Managed'
Mono path[1] = 'C:/Program Files/Unity/Hub/Editor/2021.3.20f1/Editor/Data/MonoBleedingEdge/lib/mono/unityjit-win32'
Mono config path = 'C:/Program Files/Unity/Hub/Editor/2021.3.20f1/Editor/Data/MonoBleedingEdge/etc'
Using monoOptions --debugger-agent=transport=dt_socket,embedding=1,server=y,suspend=n,address=127.0.0.1:56336
Begin MonoManager ReloadAssembly
Registering precompiled unity dll's ...
Register platform support module: C:/Program Files/Unity/Hub/Editor/2021.3.20f1/Editor/Data/PlaybackEngines/WebGLSupport/UnityEditor.WebGL.Extensions.dll
Register platform support module: C:/Program Files/Unity/Hub/Editor/2021.3.20f1/Editor/Data/PlaybackEngines/AndroidPlayer/UnityEditor.Android.Extensions.dll
Register platform support module: C:/Program Files/Unity/Hub/Editor/2021.3.20f1/Editor/Data/PlaybackEngines/iOSSupport/UnityEditor.iOS.Extensions.dll
Register platform support module: C:/Program Files/Unity/Hub/Editor/2021.3.20f1/Editor/Data/PlaybackEngines/AppleTVSupport/UnityEditor.AppleTV.Extensions.dll
Register platform support module: C:/Program Files/Unity/Hub/Editor/2021.3.20f1/Editor/Data/PlaybackEngines/WindowsStandaloneSupport/UnityEditor.WindowsStandalone.Extensions.dll
Registered in 0.013609 seconds.
Native extension for WindowsStandalone target not found
[usbmuxd] Start listen thread
[usbmuxd] Listen thread started
Native extension for AppleTV target not found
[usbmuxd] Start listen thread
[usbmuxd] Listen thread started
Native extension for iOS target not found
Native extension for Android target not found
Android Extension - Scanning For ADB Devices 354 ms
Native extension for WebGL target not found
Refreshing native plugins compatible for Editor in 107.84 ms, found 3 plugins.
Preloading 0 native plugins for Editor in 0.00 ms.
Mono: successfully reloaded assembly
- Completed reload, in  1.393 seconds
Domain Reload Profiling:
	ReloadAssembly (1394ms)
		BeginReloadAssembly (202ms)
			ExecutionOrderSort (0ms)
			DisableScriptedObjects (0ms)
			BackupInstance (0ms)
			ReleaseScriptingObjects (0ms)
			CreateAndSetChildDomain (1ms)
		EndReloadAssembly (1071ms)
			LoadAssemblies (202ms)
			RebuildTransferFunctionScriptingTraits (0ms)
			SetupTypeCache (132ms)
			ReleaseScriptCaches (0ms)
			RebuildScriptCaches (33ms)
			SetupLoadedEditorAssemblies (853ms)
				LogAssemblyErrors (0ms)
				InitializePlatformSupportModulesInManaged (539ms)
				SetLoadedEditorAssemblies (0ms)
				RefreshPlugins (108ms)
				BeforeProcessingInitializeOnLoad (1ms)
				ProcessInitializeOnLoadAttributes (142ms)
				ProcessInitializeOnLoadMethodAttributes (62ms)
				AfterProcessingInitializeOnLoad (0ms)
				EditorAssembliesLoaded (0ms)
			ExecutionOrderSort2 (0ms)
			AwakeInstancesAfterBackupRestoration (0ms)
Platform modules already initialized, skipping
Registering precompiled user dll's ...
Registered in 0.005115 seconds.
Begin MonoManager ReloadAssembly
Symbol file LoadedFromMemory doesn't match image D:\Unity\Baitap1\Library\PackageCache\com.unity.visualscripting@1.8.0\Editor\VisualScripting.Core\Dependencies\YamlDotNet\Unity.VisualScripting.YamlDotNet.dll
Symbol file LoadedFromMemory doesn't match image D:\Unity\Baitap1\Library\PackageCache\com.unity.visualscripting@1.8.0\Editor\VisualScripting.Core\Dependencies\DotNetZip\Unity.VisualScripting.IonicZip.dll
Native extension for WindowsStandalone target not found
Native extension for AppleTV target not found
Native extension for iOS target not found
Native extension for Android target not found
Native extension for WebGL target not found
Refreshing native plugins compatible for Editor in 0.92 ms, found 3 plugins.
Preloading 0 native plugins for Editor in 0.00 ms.
Mono: successfully reloaded assembly
- Completed reload, in  1.311 seconds
Domain Reload Profiling:
	ReloadAssembly (1312ms)
		BeginReloadAssembly (145ms)
			ExecutionOrderSort (0ms)
			DisableScriptedObjects (6ms)
			BackupInstance (0ms)
			ReleaseScriptingObjects (0ms)
			CreateAndSetChildDomain (23ms)
		EndReloadAssembly (1002ms)
			LoadAssemblies (156ms)
			RebuildTransferFunctionScriptingTraits (0ms)
			SetupTypeCache (326ms)
			ReleaseScriptCaches (1ms)
			RebuildScriptCaches (70ms)
			SetupLoadedEditorAssemblies (390ms)
				LogAssemblyErrors (0ms)
				InitializePlatformSupportModulesInManaged (42ms)
				SetLoadedEditorAssemblies (1ms)
				RefreshPlugins (1ms)
				BeforeProcessingInitializeOnLoad (84ms)
				ProcessInitializeOnLoadAttributes (224ms)
				ProcessInitializeOnLoadMethodAttributes (28ms)
				AfterProcessingInitializeOnLoad (9ms)
				EditorAssembliesLoaded (0ms)
			ExecutionOrderSort2 (0ms)
			AwakeInstancesAfterBackupRestoration (6ms)
Platform modules already initialized, skipping
========================================================================
Worker process is ready to serve import requests
Launched and connected shader compiler UnityShaderCompiler.exe after 0.05 seconds
Refreshing native plugins compatible for Editor in 0.93 ms, found 3 plugins.
Preloading 0 native plugins for Editor in 0.00 ms.
Unloading 3047 Unused Serialized files (Serialized files now loaded: 0)
Unloading 24 unused Assets / (113.4 KB). Loaded Objects now: 3509.
Memory consumption went from 107.6 MB to 107.5 MB.
Total: 4.503000 ms (FindLiveObjects: 0.452400 ms CreateObjectMapping: 0.415300 ms MarkObjects: 3.512500 ms  DeleteObjects: 0.121900 ms)

AssetImportParameters requested are different than current active one (requested -> active):
  custom:video-decoder-ogg-theora: a1e56fd34408186e4bbccfd4996cb3dc -> 
  custom:container-muxer-webm: aa71ff27fc2769a1b78a27578f13a17b -> 
  custom:container-demuxer-webm: 4f35f7cbe854078d1ac9338744f61a02 -> 
  custom:video-encoder-webm-vp8: eb34c28f22e8b96e1ab97ce403110664 -> 
  custom:video-codec-MediaFoundation-h265: 746d11721c4dcdbdad8f713fa42b33f4 -> 
  custom:audio-encoder-webm-vorbis: bf7c407c2cedff20999df2af8eb42d56 -> 
  custom:framework-win-MediaFoundation: 216162199b28c13a410421893ffa2e32 -> 
  custom:container-demuxer-ogg: 62fdf1f143b41e24485cea50d1cbac27 -> 
  custom:video-decoder-webm-vp8: 9c59270c3fd7afecdb556c50c9e8de78 -> 
  custom:audio-decoder-ogg-vorbis: bf7c407c2cedff20999df2af8eb42d56 -> 
========================================================================
Received Import Request.
  Time since last request: 1204.008231 seconds.
  path: Assets/New Folder 1
  artifactKey: Guid(6d1738645b886a44b983e28dd4d0a855) Importer(815301076,1909f56bfc062723c751e8b465ee728b)
Start importing Assets/New Folder 1 using Guid(6d1738645b886a44b983e28dd4d0a855) Importer(815301076,1909f56bfc062723c751e8b465ee728b)  -> (artifact id: 'c9965392b696b53f2c95e6295600298d') in 0.013354 seconds 
========================================================================
Received Import Request.
  Time since last request: 2577.057126 seconds.
  path: Packages/com.unity.textmeshpro/Editor Resources/Textures/btn_AlignBaseLine_Light.psd
  artifactKey: Guid(18775b51e3bd42299fd30bd036ea982f) Importer(815301076,1909f56bfc062723c751e8b465ee728b)
Start importing Packages/com.unity.textmeshpro/Editor Resources/Textures/btn_AlignBaseLine_Light.psd using Guid(18775b51e3bd42299fd30bd036ea982f) Importer(815301076,1909f56bfc062723c751e8b465ee728b)  -> (artifact id: '42cfc1279a46fbaf1919953bf728d691') in 0.330992 seconds 
========================================================================
Received Import Request.
  Time since last request: 496.707319 seconds.
  path: Assets/Materials/floor.mat
  artifactKey: Guid(a85b336c14e322440801ef6d9a386b89) Importer(815301076,1909f56bfc062723c751e8b465ee728b)
Start importing Assets/Materials/floor.mat using Guid(a85b336c14e322440801ef6d9a386b89) Importer(815301076,1909f56bfc062723c751e8b465ee728b)  -> (artifact id: '79cf412fba5574e28416f8c2d7480eb8') in 0.721074 seconds 
========================================================================
Received Prepare
Registering precompiled user dll's ...
Registered in 0.017042 seconds.
Begin MonoManager ReloadAssembly
Symbol file LoadedFromMemory doesn't match image D:\Unity\Baitap1\Library\PackageCache\com.unity.visualscripting@1.8.0\Editor\VisualScripting.Core\Dependencies\YamlDotNet\Unity.VisualScripting.YamlDotNet.dll
Symbol file LoadedFromMemory doesn't match image D:\Unity\Baitap1\Library\PackageCache\com.unity.visualscripting@1.8.0\Editor\VisualScripting.Core\Dependencies\DotNetZip\Unity.VisualScripting.IonicZip.dll
Native extension for WindowsStandalone target not found
Native extension for AppleTV target not found
Native extension for iOS target not found
Native extension for Android target not found
Native extension for WebGL target not found
Refreshing native plugins compatible for Editor in 0.54 ms, found 3 plugins.
Preloading 0 native plugins for Editor in 0.00 ms.
Mono: successfully reloaded assembly
- Completed reload, in  1.843 seconds
Domain Reload Profiling:
	ReloadAssembly (1845ms)
		BeginReloadAssembly (584ms)
			ExecutionOrderSort (0ms)
			DisableScriptedObjects (25ms)
			BackupInstance (0ms)
			ReleaseScriptingObjects (0ms)
			CreateAndSetChildDomain (283ms)
		EndReloadAssembly (1120ms)
			LoadAssemblies (216ms)
			RebuildTransferFunctionScriptingTraits (0ms)
			SetupTypeCache (530ms)
			ReleaseScriptCaches (1ms)
			RebuildScriptCaches (55ms)
			SetupLoadedEditorAssemblies (338ms)
				LogAssemblyErrors (0ms)
				InitializePlatformSupportModulesInManaged (42ms)
				SetLoadedEditorAssemblies (1ms)
				RefreshPlugins (1ms)
				BeforeProcessingInitializeOnLoad (69ms)
				ProcessInitializeOnLoadAttributes (196ms)
				ProcessInitializeOnLoadMethodAttributes (20ms)
				AfterProcessingInitializeOnLoad (9ms)
				EditorAssembliesLoaded (0ms)
			ExecutionOrderSort2 (0ms)
			AwakeInstancesAfterBackupRestoration (6ms)
Platform modules already initialized, skipping
Refreshing native plugins compatible for Editor in 4.26 ms, found 3 plugins.
Preloading 0 native plugins for Editor in 0.00 ms.
Unloading 3067 Unused Serialized files (Serialized files now loaded: 0)
Unloading 28 unused Assets / (3.0 MB). Loaded Objects now: 3571.
Memory consumption went from 117.3 MB to 114.3 MB.
Total: 7.638700 ms (FindLiveObjects: 0.280500 ms CreateObjectMapping: 0.184800 ms MarkObjects: 5.833900 ms  DeleteObjects: 1.338500 ms)

AssetImportParameters requested are different than current active one (requested -> active):
  custom:video-decoder-ogg-theora: a1e56fd34408186e4bbccfd4996cb3dc -> 
  custom:container-muxer-webm: aa71ff27fc2769a1b78a27578f13a17b -> 
  custom:container-demuxer-webm: 4f35f7cbe854078d1ac9338744f61a02 -> 
  custom:video-encoder-webm-vp8: eb34c28f22e8b96e1ab97ce403110664 -> 
  custom:video-codec-MediaFoundation-h265: 746d11721c4dcdbdad8f713fa42b33f4 -> 
  custom:audio-encoder-webm-vorbis: bf7c407c2cedff20999df2af8eb42d56 -> 
  custom:framework-win-MediaFoundation: 216162199b28c13a410421893ffa2e32 -> 
  custom:container-demuxer-ogg: 62fdf1f143b41e24485cea50d1cbac27 -> 
  custom:video-decoder-webm-vp8: 9c59270c3fd7afecdb556c50c9e8de78 -> 
  custom:audio-decoder-ogg-vorbis: bf7c407c2cedff20999df2af8eb42d56 -> 
========================================================================
Received Import Request.
  Time since last request: 904.714027 seconds.
  path: Assets/unity-chan!/Unity-chan! Model/Art/UnityChanShader/Texture/body_01_NRM.tga
  artifactKey: Guid(3a3c0acc807e9264ca0b32602a928a9a) Importer(815301076,1909f56bfc062723c751e8b465ee728b)
Start importing Assets/unity-chan!/Unity-chan! Model/Art/UnityChanShader/Texture/body_01_NRM.tga using Guid(3a3c0acc807e9264ca0b32602a928a9a) Importer(815301076,1909f56bfc062723c751e8b465ee728b)  -> (artifact id: 'e28b6f547a34e02164c544bacd9fe71e') in 0.141818 seconds 
========================================================================
Received Import Request.
  Time since last request: 0.000036 seconds.
  path: Assets/unity-chan!/Unity-chan! Model/Art/UnityChanShader/Texture/DEFAULT_NORMAL.tga
  artifactKey: Guid(f90e3449ad3674016962a3aba3d31a06) Importer(815301076,1909f56bfc062723c751e8b465ee728b)
Start importing Assets/unity-chan!/Unity-chan! Model/Art/UnityChanShader/Texture/DEFAULT_NORMAL.tga using Guid(f90e3449ad3674016962a3aba3d31a06) Importer(815301076,1909f56bfc062723c751e8b465ee728b)  -> (artifact id: '2c575a618ab9fece6e686e99ddcd2c59') in 0.024013 seconds 
========================================================================
Received Import Request.
  Time since last request: 0.000042 seconds.
  path: Assets/unity-chan!/Unity-chan! Model/Art/UnityChanShader/Texture/eye_iris_L_00.tga
  artifactKey: Guid(66f06726158899242adaf95180360b7b) Importer(815301076,1909f56bfc062723c751e8b465ee728b)
Start importing Assets/unity-chan!/Unity-chan! Model/Art/UnityChanShader/Texture/eye_iris_L_00.tga using Guid(66f06726158899242adaf95180360b7b) Importer(815301076,1909f56bfc062723c751e8b465ee728b)  -> (artifact id: '75622d9317feb2c2b96435885f8289e5') in 0.023664 seconds 
========================================================================
Received Import Request.
  Time since last request: 0.000036 seconds.
  path: Assets/unity-chan!/Unity-chan! Model/Art/UnityChanShader/Texture/face_00.tga
  artifactKey: Guid(3cf2e516b5353d5499c41818747b4155) Importer(815301076,1909f56bfc062723c751e8b465ee728b)
Start importing Assets/unity-chan!/Unity-chan! Model/Art/UnityChanShader/Texture/face_00.tga using Guid(3cf2e516b5353d5499c41818747b4155) Importer(815301076,1909f56bfc062723c751e8b465ee728b)  -> (artifact id: '0bf5bbd6f37f94beb2f6bdcdaeb2a0ce') in 0.027953 seconds 
========================================================================
Received Import Request.
  Time since last request: 0.000069 seconds.
  path: Assets/unity-chan!/Unity-chan! Model/Art/UnityChanShader/Texture/guide.tga
  artifactKey: Guid(d04d722a0c808412ea85876950eec517) Importer(815301076,1909f56bfc062723c751e8b465ee728b)
Start importing Assets/unity-chan!/Unity-chan! Model/Art/UnityChanShader/Texture/guide.tga using Guid(d04d722a0c808412ea85876950eec517) Importer(815301076,1909f56bfc062723c751e8b465ee728b)  -> (artifact id: '484760803d1f874afebd0f1ad7c27c5d') in 0.035220 seconds 
========================================================================
Received Import Request.
  Time since last request: 0.000091 seconds.
  path: Assets/unity-chan!/Unity-chan! Model/Art/UnityChanShader/Texture/hair_01_SPEC.tga
  artifactKey: Guid(c4271b2b1e8bfa949aa9230abaa7709e) Importer(815301076,1909f56bfc062723c751e8b465ee728b)
Start importing Assets/unity-chan!/Unity-chan! Model/Art/UnityChanShader/Texture/hair_01_SPEC.tga using Guid(c4271b2b1e8bfa949aa9230abaa7709e) Importer(815301076,1909f56bfc062723c751e8b465ee728b)  -> (artifact id: '3fc19fe701efaefc67497ebb804d7b0f') in 0.028547 seconds 
========================================================================
Received Import Request.
  Time since last request: 0.000053 seconds.
  path: Assets/unity-chan!/Unity-chan! Model/Art/UnityChanShader/Texture/FO_CLOTH1.tga
  artifactKey: Guid(cc8f70f2ec571e9478efa98c041cde7b) Importer(815301076,1909f56bfc062723c751e8b465ee728b)
Start importing Assets/unity-chan!/Unity-chan! Model/Art/UnityChanShader/Texture/FO_CLOTH1.tga using Guid(cc8f70f2ec571e9478efa98c041cde7b) Importer(815301076,1909f56bfc062723c751e8b465ee728b)  -> (artifact id: '7dd2e463553b56dbfe8d8b091b5b7e89') in 0.021709 seconds 
========================================================================
Received Import Request.
  Time since last request: 0.000074 seconds.
  path: Assets/unity-chan!/Unity-chan! Model/Art/UnityChanShader/Texture/cheek_00.tga
  artifactKey: Guid(89ede59217e3847c39c444f223f4084e) Importer(815301076,1909f56bfc062723c751e8b465ee728b)
Start importing Assets/unity-chan!/Unity-chan! Model/Art/UnityChanShader/Texture/cheek_00.tga using Guid(89ede59217e3847c39c444f223f4084e) Importer(815301076,1909f56bfc062723c751e8b465ee728b)  -> (artifact id: '1a92d722f162afd3c5abc55737f8dd66') in 0.024479 seconds 
========================================================================
Received Import Request.
  Time since last request: 0.000110 seconds.
  path: Assets/unity-chan!/Unity-chan! Model/Art/UnityChanShader/Texture/eye_iris_R_00.tga
  artifactKey: Guid(7521661d2d6cebb479dea03e7336e5de) Importer(815301076,1909f56bfc062723c751e8b465ee728b)
Start importing Assets/unity-chan!/Unity-chan! Model/Art/UnityChanShader/Texture/eye_iris_R_00.tga using Guid(7521661d2d6cebb479dea03e7336e5de) Importer(815301076,1909f56bfc062723c751e8b465ee728b)  -> (artifact id: 'e7f3d47a75fa3565b68c80373421d683') in 0.024468 seconds 
========================================================================
Received Import Request.
  Time since last request: 4.009627 seconds.
  path: Assets/unity-chan!/Unity-chan! Model/Art/Animations/unitychan_ARpose2.fbx
  artifactKey: Guid(edd51f298e7994c498b99bd24c098f52) Importer(815301076,1909f56bfc062723c751e8b465ee728b)
Start importing Assets/unity-chan!/Unity-chan! Model/Art/Animations/unitychan_ARpose2.fbx using Guid(edd51f298e7994c498b99bd24c098f52) Importer(815301076,1909f56bfc062723c751e8b465ee728b)  -> (artifact id: '2e800777ea27f5626283a1ebd1f1fa7c') in 0.068874 seconds 
========================================================================
Received Import Request.
  Time since last request: 0.000031 seconds.
  path: Assets/unity-chan!/Unity-chan! Model/Art/Animations/unitychan_WALK00_B.fbx
  artifactKey: Guid(20fd7934e77f68e4983c9c0fe97c7117) Importer(815301076,1909f56bfc062723c751e8b465ee728b)
Start importing Assets/unity-chan!/Unity-chan! Model/Art/Animations/unitychan_WALK00_B.fbx using Guid(20fd7934e77f68e4983c9c0fe97c7117) Importer(815301076,1909f56bfc062723c751e8b465ee728b)  -> (artifact id: '081e7eb1fed61085b72a73a5ec25f2b2') in 0.516418 seconds 
========================================================================
Received Import Request.
  Time since last request: 0.000053 seconds.
  path: Assets/unity-chan!/Unity-chan! Model/Art/Animations/unitychan_WALK00_L.fbx
  artifactKey: Guid(564ea08c07b9a764d8be6f0bbdddfc1c) Importer(815301076,1909f56bfc062723c751e8b465ee728b)
Start importing Assets/unity-chan!/Unity-chan! Model/Art/Animations/unitychan_WALK00_L.fbx using Guid(564ea08c07b9a764d8be6f0bbdddfc1c) Importer(815301076,1909f56bfc062723c751e8b465ee728b)  -> (artifact id: '693f7fe871836531c2f4b92b2b5a73da') in 0.096872 seconds 
========================================================================
Received Import Request.
  Time since last request: 0.000030 seconds.
  path: Assets/unity-chan!/Unity-chan! Model/Art/Animations/unitychan_HANDUP00_R.fbx
  artifactKey: Guid(84ce5ea31570e6b4ca2949b8fe13ee42) Importer(815301076,1909f56bfc062723c751e8b465ee728b)
Start importing Assets/unity-chan!/Unity-chan! Model/Art/Animations/unitychan_HANDUP00_R.fbx using Guid(84ce5ea31570e6b4ca2949b8fe13ee42) Importer(815301076,1909f56bfc062723c751e8b465ee728b)  -> (artifact id: 'b186653b9dc75e7a6197999282330fbf') in 0.110542 seconds 
========================================================================
Received Import Request.
  Time since last request: 0.000041 seconds.
  path: Assets/unity-chan!/Unity-chan! Model/Art/Animations/unitychan_RUN00_R.fbx
  artifactKey: Guid(ffe87c9e4c26d174b8df06771ce447bf) Importer(815301076,1909f56bfc062723c751e8b465ee728b)
Start importing Assets/unity-chan!/Unity-chan! Model/Art/Animations/unitychan_RUN00_R.fbx using Guid(ffe87c9e4c26d174b8df06771ce447bf) Importer(815301076,1909f56bfc062723c751e8b465ee728b)  -> (artifact id: 'c884cac5dda1eb3e84782f0f922672af') in 0.107535 seconds 
========================================================================
Received Import Request.
  Time since last request: 0.000031 seconds.
  path: Assets/unity-chan!/Unity-chan! Model/Art/Animations/unitychan_DAMAGED01.fbx
  artifactKey: Guid(c895dff4365ad4506ab680fdc4a0afb8) Importer(815301076,1909f56bfc062723c751e8b465ee728b)
Start importing Assets/unity-chan!/Unity-chan! Model/Art/Animations/unitychan_DAMAGED01.fbx using Guid(c895dff4365ad4506ab680fdc4a0afb8) Importer(815301076,1909f56bfc062723c751e8b465ee728b)  -> (artifact id: '043b529ff9689aeff63d5b30f9d614cf') in 0.126161 seconds 
========================================================================
Received Import Request.
  Time since last request: 0.000061 seconds.
  path: Assets/unity-chan!/Unity-chan! Model/Art/Animations/unitychan_WAIT04.fbx
  artifactKey: Guid(685e1a7587d604fd8a8a0a56834063bb) Importer(815301076,1909f56bfc062723c751e8b465ee728b)
Start importing Assets/unity-chan!/Unity-chan! Model/Art/Animations/unitychan_WAIT04.fbx using Guid(685e1a7587d604fd8a8a0a56834063bb) Importer(815301076,1909f56bfc062723c751e8b465ee728b)  -> (artifact id: 'fd7d2dbd29d189b03ab7f5d44c2b36aa') in 0.110132 seconds 
========================================================================
Received Import Request.
  Time since last request: 0.000037 seconds.
  path: Assets/unity-chan!/Unity-chan! Model/Art/Animations/unitychan_WAIT01.fbx
  artifactKey: Guid(1e79f5e733df84044a45d6ab05035627) Importer(815301076,1909f56bfc062723c751e8b465ee728b)
Start importing Assets/unity-chan!/Unity-chan! Model/Art/Animations/unitychan_WAIT01.fbx using Guid(1e79f5e733df84044a45d6ab05035627) Importer(815301076,1909f56bfc062723c751e8b465ee728b)  -> (artifact id: '779281a8172330d674903486211ebb0b') in 0.112996 seconds 
========================================================================
Received Import Request.
  Time since last request: 0.000044 seconds.
  path: Assets/unity-chan!/Unity-chan! Model/Art/Animations/unitychan_DAMAGED00.fbx
  artifactKey: Guid(6dd5b57ca7c0d48e4b3e9061e1c88d18) Importer(815301076,1909f56bfc062723c751e8b465ee728b)
Start importing Assets/unity-chan!/Unity-chan! Model/Art/Animations/unitychan_DAMAGED00.fbx using Guid(6dd5b57ca7c0d48e4b3e9061e1c88d18) Importer(815301076,1909f56bfc062723c751e8b465ee728b)  -> (artifact id: 'af9d51d571b71bc0700731203f791fce') in 0.101708 seconds 
========================================================================
Received Import Request.
  Time since last request: 0.000026 seconds.
  path: Assets/unity-chan!/Unity-chan! Model/Art/Animations/unitychan_REFLESH00.fbx
  artifactKey: Guid(842226a6a478847f9b6f5c746ae1cb95) Importer(815301076,1909f56bfc062723c751e8b465ee728b)
Start importing Assets/unity-chan!/Unity-chan! Model/Art/Animations/unitychan_REFLESH00.fbx using Guid(842226a6a478847f9b6f5c746ae1cb95) Importer(815301076,1909f56bfc062723c751e8b465ee728b)  -> (artifact id: 'c6fb2d1682254662efb9fe1138150b14') in 0.095611 seconds 
========================================================================
Received Import Request.
  Time since last request: 0.000025 seconds.
  path: Assets/unity-chan!/Unity-chan! Model/Art/Animations/unitychan_JUMP01B.fbx
  artifactKey: Guid(c49b7faf71cf048418fe526d8e233c8e) Importer(815301076,1909f56bfc062723c751e8b465ee728b)
Start importing Assets/unity-chan!/Unity-chan! Model/Art/Animations/unitychan_JUMP01B.fbx using Guid(c49b7faf71cf048418fe526d8e233c8e) Importer(815301076,1909f56bfc062723c751e8b465ee728b)  -> (artifact id: 'd8789f2251e493d1960cec4c58f2ea75') in 0.129616 seconds 
========================================================================
Received Import Request.
  Time since last request: 0.000141 seconds.
  path: Assets/unity-chan!/Unity-chan! Model/Art/Animations/unitychan_RUN00_L.fbx
  artifactKey: Guid(dc7b7dc0360ab494ea2e7625162c6ca3) Importer(815301076,1909f56bfc062723c751e8b465ee728b)
Start importing Assets/unity-chan!/Unity-chan! Model/Art/Animations/unitychan_RUN00_L.fbx using Guid(dc7b7dc0360ab494ea2e7625162c6ca3) Importer(815301076,1909f56bfc062723c751e8b465ee728b)  -> (artifact id: '542048a4a1c803ddf2381d1458ecb3ed') in 0.116350 seconds 
========================================================================
Received Import Request.
  Time since last request: 2.463706 seconds.
  path: Assets/unity-chan!/Unity-chan! Model/Art/Materials/eye_L1.mat
  artifactKey: Guid(4987862c1c195e74c86994ba4bcbd812) Importer(815301076,1909f56bfc062723c751e8b465ee728b)
Start importing Assets/unity-chan!/Unity-chan! Model/Art/Materials/eye_L1.mat using Guid(4987862c1c195e74c86994ba4bcbd812) Importer(815301076,1909f56bfc062723c751e8b465ee728b)  -> (artifact id: 'ff430fa76770e11a056fed0edf5cd801') in 0.100500 seconds 
========================================================================
Received Import Request.
  Time since last request: 0.000017 seconds.
  path: Assets/unity-chan!/Unity-chan! Model/Art/Materials/eyeline.mat
  artifactKey: Guid(407f97b032a277c44b753ed1c256a3b8) Importer(815301076,1909f56bfc062723c751e8b465ee728b)
Start importing Assets/unity-chan!/Unity-chan! Model/Art/Materials/eyeline.mat using Guid(407f97b032a277c44b753ed1c256a3b8) Importer(815301076,1909f56bfc062723c751e8b465ee728b)  -> (artifact id: '42b1262b9418f18a5dcd7f9b6048e3a5') in 0.065996 seconds 
========================================================================
Received Import Request.
  Time since last request: 0.000070 seconds.
  path: Assets/unity-chan!/Unity-chan! Model/Art/Materials/face.mat
  artifactKey: Guid(4d83bd267b90e934e88637afcd02cb8a) Importer(815301076,1909f56bfc062723c751e8b465ee728b)
Start importing Assets/unity-chan!/Unity-chan! Model/Art/Materials/face.mat using Guid(4d83bd267b90e934e88637afcd02cb8a) Importer(815301076,1909f56bfc062723c751e8b465ee728b)  -> (artifact id: '9b1165668e4af5d6b52c17ef7fcba07f') in 0.112448 seconds 
========================================================================
Received Import Request.
  Time since last request: 0.000022 seconds.
  path: Assets/unity-chan!/Unity-chan! Model/Art/Materials/Right.mat
  artifactKey: Guid(88157e674d7d0314db76940c73b69405) Importer(815301076,1909f56bfc062723c751e8b465ee728b)
Start importing Assets/unity-chan!/Unity-chan! Model/Art/Materials/Right.mat using Guid(88157e674d7d0314db76940c73b69405) Importer(815301076,1909f56bfc062723c751e8b465ee728b)  -> (artifact id: '0698af28e16510c07da6e8a69ad6a713') in 0.189867 seconds 
========================================================================
Received Import Request.
  Time since last request: 1.092223 seconds.
  path: Assets/unity-chan!/Unity-chan! Model/Art/Models/unitychan.fbx
  artifactKey: Guid(8f0565f23a2b58541a475bd3c1393052) Importer(815301076,1909f56bfc062723c751e8b465ee728b)
Start importing Assets/unity-chan!/Unity-chan! Model/Art/Models/unitychan.fbx using Guid(8f0565f23a2b58541a475bd3c1393052) Importer(815301076,1909f56bfc062723c751e8b465ee728b)  -> (artifact id: '6d1d35afc3211e252611c4b9e28376f0') in 0.432898 seconds 
========================================================================
Received Import Request.
  Time since last request: 11.174064 seconds.
  path: Assets/unity-chan!/Unity-chan! Model/Prefabs/Directional light for UnityChan.prefab
  artifactKey: Guid(b76c71a1e3f6c4fdab657f4fbf5466de) Importer(815301076,1909f56bfc062723c751e8b465ee728b)
Start importing Assets/unity-chan!/Unity-chan! Model/Prefabs/Directional light for UnityChan.prefab using Guid(b76c71a1e3f6c4fdab657f4fbf5466de) Importer(815301076,1909f56bfc062723c751e8b465ee728b)  -> (artifact id: '7e4e21f6d251fa7cb823fbaf0d29d4a6') in 0.013567 seconds 
========================================================================
Received Import Request.
  Time since last request: 0.000029 seconds.
  path: Assets/unity-chan!/Unity-chan! Model/Prefabs/unitychan_dynamic.prefab
  artifactKey: Guid(49f2055d53eeb4e5a92af590a44bddee) Importer(815301076,1909f56bfc062723c751e8b465ee728b)
Start importing Assets/unity-chan!/Unity-chan! Model/Prefabs/unitychan_dynamic.prefab using Guid(49f2055d53eeb4e5a92af590a44bddee) Importer(815301076,1909f56bfc062723c751e8b465ee728b)  -> (artifact id: 'de0323f11aad49df2357380c8337d1da') in 0.189736 seconds 
========================================================================
Received Import Request.
  Time since last request: 6.679583 seconds.
  path: Assets/unity-chan!/Unity-chan! Model/Prefabs/for Locomotion/FrontPos.prefab
  artifactKey: Guid(5ab36471a20d548e1b89d3501e011ada) Importer(815301076,1909f56bfc062723c751e8b465ee728b)
Start importing Assets/unity-chan!/Unity-chan! Model/Prefabs/for Locomotion/FrontPos.prefab using Guid(5ab36471a20d548e1b89d3501e011ada) Importer(815301076,1909f56bfc062723c751e8b465ee728b)  -> (artifact id: '480626c22e59be22eebbf1d8019e814d') in 0.010833 seconds 
========================================================================
Received Import Request.
  Time since last request: 0.000012 seconds.
  path: Assets/unity-chan!/Unity-chan! Model/Prefabs/for Locomotion/unitychan_dynamic_locomotion.prefab
  artifactKey: Guid(69c3ed15e9d13481e8f7dc4db5532fb6) Importer(815301076,1909f56bfc062723c751e8b465ee728b)
Start importing Assets/unity-chan!/Unity-chan! Model/Prefabs/for Locomotion/unitychan_dynamic_locomotion.prefab using Guid(69c3ed15e9d13481e8f7dc4db5532fb6) Importer(815301076,1909f56bfc062723c751e8b465ee728b)  -> (artifact id: 'cbadd7c7ab193b1910d219e8ac1b1423') in 0.166976 seconds 
========================================================================
Received Prepare
Registering precompiled user dll's ...
Registered in 0.004228 seconds.
Begin MonoManager ReloadAssembly
Symbol file LoadedFromMemory doesn't match image D:\Unity\Baitap1\Library\PackageCache\com.unity.visualscripting@1.8.0\Editor\VisualScripting.Core\Dependencies\YamlDotNet\Unity.VisualScripting.YamlDotNet.dll
Symbol file LoadedFromMemory doesn't match image D:\Unity\Baitap1\Library\PackageCache\com.unity.visualscripting@1.8.0\Editor\VisualScripting.Core\Dependencies\DotNetZip\Unity.VisualScripting.IonicZip.dll
Native extension for WindowsStandalone target not found
Native extension for AppleTV target not found
Native extension for iOS target not found
Native extension for Android target not found
Native extension for WebGL target not found
Refreshing native plugins compatible for Editor in 1.92 ms, found 3 plugins.
Preloading 0 native plugins for Editor in 0.00 ms.
Mono: successfully reloaded assembly
- Completed reload, in  2.165 seconds
Domain Reload Profiling:
	ReloadAssembly (2166ms)
		BeginReloadAssembly (244ms)
			ExecutionOrderSort (0ms)
			DisableScriptedObjects (5ms)
			BackupInstance (0ms)
			ReleaseScriptingObjects (0ms)
			CreateAndSetChildDomain (65ms)
		EndReloadAssembly (1691ms)
			LoadAssemblies (209ms)
			RebuildTransferFunctionScriptingTraits (0ms)
			SetupTypeCache (635ms)
			ReleaseScriptCaches (2ms)
			RebuildScriptCaches (92ms)
			SetupLoadedEditorAssemblies (667ms)
				LogAssemblyErrors (0ms)
				InitializePlatformSupportModulesInManaged (79ms)
				SetLoadedEditorAssemblies (1ms)
				RefreshPlugins (2ms)
				BeforeProcessingInitializeOnLoad (124ms)
				ProcessInitializeOnLoadAttributes (404ms)
				ProcessInitializeOnLoadMethodAttributes (42ms)
				AfterProcessingInitializeOnLoad (14ms)
				EditorAssembliesLoaded (1ms)
			ExecutionOrderSort2 (0ms)
			AwakeInstancesAfterBackupRestoration (15ms)
Platform modules already initialized, skipping
Refreshing native plugins compatible for Editor in 4.32 ms, found 3 plugins.
Preloading 0 native plugins for Editor in 0.00 ms.
Unloading 3066 Unused Serialized files (Serialized files now loaded: 0)
Unloading 21 unused Assets / (1.2 MB). Loaded Objects now: 3589.
Memory consumption went from 130.9 MB to 129.7 MB.
Total: 8.040600 ms (FindLiveObjects: 1.040400 ms CreateObjectMapping: 0.772700 ms MarkObjects: 4.401300 ms  DeleteObjects: 1.823600 ms)

AssetImportParameters requested are different than current active one (requested -> active):
  custom:video-decoder-ogg-theora: a1e56fd34408186e4bbccfd4996cb3dc -> 
  custom:container-muxer-webm: aa71ff27fc2769a1b78a27578f13a17b -> 
  custom:container-demuxer-webm: 4f35f7cbe854078d1ac9338744f61a02 -> 
  custom:video-encoder-webm-vp8: eb34c28f22e8b96e1ab97ce403110664 -> 
  custom:video-codec-MediaFoundation-h265: 746d11721c4dcdbdad8f713fa42b33f4 -> 
  custom:audio-encoder-webm-vorbis: bf7c407c2cedff20999df2af8eb42d56 -> 
  custom:framework-win-MediaFoundation: 216162199b28c13a410421893ffa2e32 -> 
  custom:container-demuxer-ogg: 62fdf1f143b41e24485cea50d1cbac27 -> 
  custom:video-decoder-webm-vp8: 9c59270c3fd7afecdb556c50c9e8de78 -> 
  custom:audio-decoder-ogg-vorbis: bf7c407c2cedff20999df2af8eb42d56 -> 
========================================================================
Received Prepare
Registering precompiled user dll's ...
Registered in 0.004447 seconds.
Begin MonoManager ReloadAssembly
Symbol file LoadedFromMemory doesn't match image D:\Unity\Baitap1\Library\PackageCache\com.unity.visualscripting@1.8.0\Editor\VisualScripting.Core\Dependencies\YamlDotNet\Unity.VisualScripting.YamlDotNet.dll
Symbol file LoadedFromMemory doesn't match image D:\Unity\Baitap1\Library\PackageCache\com.unity.visualscripting@1.8.0\Editor\VisualScripting.Core\Dependencies\DotNetZip\Unity.VisualScripting.IonicZip.dll
Native extension for WindowsStandalone target not found
Native extension for AppleTV target not found
Native extension for iOS target not found
Native extension for Android target not found
Native extension for WebGL target not found
Refreshing native plugins compatible for Editor in 1.58 ms, found 3 plugins.
Preloading 0 native plugins for Editor in 0.00 ms.
Mono: successfully reloaded assembly
- Completed reload, in  1.774 seconds
Domain Reload Profiling:
	ReloadAssembly (1775ms)
		BeginReloadAssembly (153ms)
			ExecutionOrderSort (0ms)
			DisableScriptedObjects (7ms)
			BackupInstance (0ms)
			ReleaseScriptingObjects (0ms)
			CreateAndSetChildDomain (36ms)
		EndReloadAssembly (1502ms)
			LoadAssemblies (115ms)
			RebuildTransferFunctionScriptingTraits (0ms)
			SetupTypeCache (484ms)
			ReleaseScriptCaches (3ms)
			RebuildScriptCaches (120ms)
			SetupLoadedEditorAssemblies (637ms)
				LogAssemblyErrors (0ms)
				InitializePlatformSupportModulesInManaged (75ms)
				SetLoadedEditorAssemblies (1ms)
				RefreshPlugins (2ms)
				BeforeProcessingInitializeOnLoad (120ms)
				ProcessInitializeOnLoadAttributes (382ms)
				ProcessInitializeOnLoadMethodAttributes (41ms)
				AfterProcessingInitializeOnLoad (15ms)
				EditorAssembliesLoaded (0ms)
			ExecutionOrderSort2 (0ms)
			AwakeInstancesAfterBackupRestoration (11ms)
Platform modules already initialized, skipping
Refreshing native plugins compatible for Editor in 5.54 ms, found 3 plugins.
Preloading 0 native plugins for Editor in 0.00 ms.
Unloading 3059 Unused Serialized files (Serialized files now loaded: 0)
Unloading 21 unused Assets / (1.2 MB). Loaded Objects now: 3592.
Memory consumption went from 130.2 MB to 129.0 MB.
Total: 25.177900 ms (FindLiveObjects: 1.664000 ms CreateObjectMapping: 4.722400 ms MarkObjects: 17.573700 ms  DeleteObjects: 1.213200 ms)

AssetImportParameters requested are different than current active one (requested -> active):
  custom:video-decoder-ogg-theora: a1e56fd34408186e4bbccfd4996cb3dc -> 
  custom:container-muxer-webm: aa71ff27fc2769a1b78a27578f13a17b -> 
  custom:container-demuxer-webm: 4f35f7cbe854078d1ac9338744f61a02 -> 
  custom:video-encoder-webm-vp8: eb34c28f22e8b96e1ab97ce403110664 -> 
  custom:video-codec-MediaFoundation-h265: 746d11721c4dcdbdad8f713fa42b33f4 -> 
  custom:audio-encoder-webm-vorbis: bf7c407c2cedff20999df2af8eb42d56 -> 
  custom:framework-win-MediaFoundation: 216162199b28c13a410421893ffa2e32 -> 
  custom:container-demuxer-ogg: 62fdf1f143b41e24485cea50d1cbac27 -> 
  custom:video-decoder-webm-vp8: 9c59270c3fd7afecdb556c50c9e8de78 -> 
  custom:audio-decoder-ogg-vorbis: bf7c407c2cedff20999df2af8eb42d56 -> 
========================================================================
Received Prepare
Registering precompiled user dll's ...
Registered in 0.004187 seconds.
Begin MonoManager ReloadAssembly
Symbol file LoadedFromMemory doesn't match image D:\Unity\Baitap1\Library\PackageCache\com.unity.visualscripting@1.8.0\Editor\VisualScripting.Core\Dependencies\YamlDotNet\Unity.VisualScripting.YamlDotNet.dll
Symbol file LoadedFromMemory doesn't match image D:\Unity\Baitap1\Library\PackageCache\com.unity.visualscripting@1.8.0\Editor\VisualScripting.Core\Dependencies\DotNetZip\Unity.VisualScripting.IonicZip.dll
Native extension for WindowsStandalone target not found
Native extension for AppleTV target not found
Native extension for iOS target not found
Native extension for Android target not found
Native extension for WebGL target not found
Refreshing native plugins compatible for Editor in 2.68 ms, found 3 plugins.
Preloading 0 native plugins for Editor in 0.00 ms.
Mono: successfully reloaded assembly
- Completed reload, in  1.882 seconds
Domain Reload Profiling:
	ReloadAssembly (1883ms)
		BeginReloadAssembly (158ms)
			ExecutionOrderSort (0ms)
			DisableScriptedObjects (5ms)
			BackupInstance (0ms)
			ReleaseScriptingObjects (0ms)
			CreateAndSetChildDomain (42ms)
		EndReloadAssembly (1587ms)
			LoadAssemblies (130ms)
			RebuildTransferFunctionScriptingTraits (0ms)
			SetupTypeCache (566ms)
			ReleaseScriptCaches (3ms)
			RebuildScriptCaches (93ms)
			SetupLoadedEditorAssemblies (651ms)
				LogAssemblyErrors (0ms)
				InitializePlatformSupportModulesInManaged (78ms)
				SetLoadedEditorAssemblies (1ms)
				RefreshPlugins (3ms)
				BeforeProcessingInitializeOnLoad (127ms)
				ProcessInitializeOnLoadAttributes (388ms)
				ProcessInitializeOnLoadMethodAttributes (38ms)
				AfterProcessingInitializeOnLoad (15ms)
				EditorAssembliesLoaded (1ms)
			ExecutionOrderSort2 (0ms)
			AwakeInstancesAfterBackupRestoration (14ms)
Platform modules already initialized, skipping
Refreshing native plugins compatible for Editor in 4.28 ms, found 3 plugins.
Preloading 0 native plugins for Editor in 0.00 ms.
Unloading 3059 Unused Serialized files (Serialized files now loaded: 0)
Unloading 21 unused Assets / (1.2 MB). Loaded Objects now: 3595.
Memory consumption went from 130.2 MB to 129.0 MB.
Total: 7.900000 ms (FindLiveObjects: 0.578600 ms CreateObjectMapping: 0.398300 ms MarkObjects: 5.723000 ms  DeleteObjects: 1.180800 ms)

AssetImportParameters requested are different than current active one (requested -> active):
  custom:video-decoder-ogg-theora: a1e56fd34408186e4bbccfd4996cb3dc -> 
  custom:container-muxer-webm: aa71ff27fc2769a1b78a27578f13a17b -> 
  custom:container-demuxer-webm: 4f35f7cbe854078d1ac9338744f61a02 -> 
  custom:video-encoder-webm-vp8: eb34c28f22e8b96e1ab97ce403110664 -> 
  custom:video-codec-MediaFoundation-h265: 746d11721c4dcdbdad8f713fa42b33f4 -> 
  custom:audio-encoder-webm-vorbis: bf7c407c2cedff20999df2af8eb42d56 -> 
  custom:framework-win-MediaFoundation: 216162199b28c13a410421893ffa2e32 -> 
  custom:container-demuxer-ogg: 62fdf1f143b41e24485cea50d1cbac27 -> 
  custom:video-decoder-webm-vp8: 9c59270c3fd7afecdb556c50c9e8de78 -> 
  custom:audio-decoder-ogg-vorbis: bf7c407c2cedff20999df2af8eb42d56 -> 
========================================================================
Received Prepare
Registering precompiled user dll's ...
Registered in 0.004646 seconds.
Begin MonoManager ReloadAssembly
Symbol file LoadedFromMemory doesn't match image D:\Unity\Baitap1\Library\PackageCache\com.unity.visualscripting@1.8.0\Editor\VisualScripting.Core\Dependencies\YamlDotNet\Unity.VisualScripting.YamlDotNet.dll
Symbol file LoadedFromMemory doesn't match image D:\Unity\Baitap1\Library\PackageCache\com.unity.visualscripting@1.8.0\Editor\VisualScripting.Core\Dependencies\DotNetZip\Unity.VisualScripting.IonicZip.dll
Native extension for WindowsStandalone target not found
Native extension for AppleTV target not found
Native extension for iOS target not found
Native extension for Android target not found
Native extension for WebGL target not found
Refreshing native plugins compatible for Editor in 1.15 ms, found 3 plugins.
Preloading 0 native plugins for Editor in 0.00 ms.
Mono: successfully reloaded assembly
- Completed reload, in  1.591 seconds
Domain Reload Profiling:
	ReloadAssembly (1592ms)
		BeginReloadAssembly (162ms)
			ExecutionOrderSort (0ms)
			DisableScriptedObjects (6ms)
			BackupInstance (0ms)
			ReleaseScriptingObjects (0ms)
			CreateAndSetChildDomain (40ms)
		EndReloadAssembly (1320ms)
			LoadAssemblies (102ms)
			RebuildTransferFunctionScriptingTraits (0ms)
			SetupTypeCache (339ms)
			ReleaseScriptCaches (3ms)
			RebuildScriptCaches (76ms)
			SetupLoadedEditorAssemblies (667ms)
				LogAssemblyErrors (0ms)
				InitializePlatformSupportModulesInManaged (89ms)
				SetLoadedEditorAssemblies (1ms)
				RefreshPlugins (1ms)
				BeforeProcessingInitializeOnLoad (123ms)
				ProcessInitializeOnLoadAttributes (394ms)
				ProcessInitializeOnLoadMethodAttributes (41ms)
				AfterProcessingInitializeOnLoad (17ms)
				EditorAssembliesLoaded (0ms)
			ExecutionOrderSort2 (0ms)
			AwakeInstancesAfterBackupRestoration (14ms)
Platform modules already initialized, skipping
Refreshing native plugins compatible for Editor in 2.98 ms, found 3 plugins.
Preloading 0 native plugins for Editor in 0.00 ms.
Unloading 3059 Unused Serialized files (Serialized files now loaded: 0)
Unloading 21 unused Assets / (1.2 MB). Loaded Objects now: 3598.
Memory consumption went from 130.2 MB to 129.0 MB.
Total: 6.686400 ms (FindLiveObjects: 0.473800 ms CreateObjectMapping: 0.551000 ms MarkObjects: 4.817700 ms  DeleteObjects: 0.842800 ms)

AssetImportParameters requested are different than current active one (requested -> active):
  custom:video-decoder-ogg-theora: a1e56fd34408186e4bbccfd4996cb3dc -> 
  custom:container-muxer-webm: aa71ff27fc2769a1b78a27578f13a17b -> 
  custom:container-demuxer-webm: 4f35f7cbe854078d1ac9338744f61a02 -> 
  custom:video-encoder-webm-vp8: eb34c28f22e8b96e1ab97ce403110664 -> 
  custom:video-codec-MediaFoundation-h265: 746d11721c4dcdbdad8f713fa42b33f4 -> 
  custom:audio-encoder-webm-vorbis: bf7c407c2cedff20999df2af8eb42d56 -> 
  custom:framework-win-MediaFoundation: 216162199b28c13a410421893ffa2e32 -> 
  custom:container-demuxer-ogg: 62fdf1f143b41e24485cea50d1cbac27 -> 
  custom:video-decoder-webm-vp8: 9c59270c3fd7afecdb556c50c9e8de78 -> 
  custom:audio-decoder-ogg-vorbis: bf7c407c2cedff20999df2af8eb42d56 -> 
========================================================================
Received Prepare
Registering precompiled user dll's ...
Registered in 0.004394 seconds.
Begin MonoManager ReloadAssembly
Symbol file LoadedFromMemory doesn't match image D:\Unity\Baitap1\Library\PackageCache\com.unity.visualscripting@1.8.0\Editor\VisualScripting.Core\Dependencies\YamlDotNet\Unity.VisualScripting.YamlDotNet.dll
Symbol file LoadedFromMemory doesn't match image D:\Unity\Baitap1\Library\PackageCache\com.unity.visualscripting@1.8.0\Editor\VisualScripting.Core\Dependencies\DotNetZip\Unity.VisualScripting.IonicZip.dll
Native extension for WindowsStandalone target not found
Native extension for AppleTV target not found
Native extension for iOS target not found
Native extension for Android target not found
Native extension for WebGL target not found
Refreshing native plugins compatible for Editor in 1.86 ms, found 3 plugins.
Preloading 0 native plugins for Editor in 0.00 ms.
Mono: successfully reloaded assembly
- Completed reload, in  1.779 seconds
Domain Reload Profiling:
	ReloadAssembly (1780ms)
		BeginReloadAssembly (159ms)
			ExecutionOrderSort (0ms)
			DisableScriptedObjects (6ms)
			BackupInstance (0ms)
			ReleaseScriptingObjects (0ms)
			CreateAndSetChildDomain (39ms)
		EndReloadAssembly (1496ms)
			LoadAssemblies (124ms)
			RebuildTransferFunctionScriptingTraits (0ms)
			SetupTypeCache (527ms)
			ReleaseScriptCaches (3ms)
			RebuildScriptCaches (88ms)
			SetupLoadedEditorAssemblies (632ms)
				LogAssemblyErrors (0ms)
				InitializePlatformSupportModulesInManaged (73ms)
				SetLoadedEditorAssemblies (1ms)
				RefreshPlugins (2ms)
				BeforeProcessingInitializeOnLoad (120ms)
				ProcessInitializeOnLoadAttributes (384ms)
				ProcessInitializeOnLoadMethodAttributes (36ms)
				AfterProcessingInitializeOnLoad (16ms)
				EditorAssembliesLoaded (0ms)
			ExecutionOrderSort2 (0ms)
			AwakeInstancesAfterBackupRestoration (13ms)
Platform modules already initialized, skipping
Refreshing native plugins compatible for Editor in 5.69 ms, found 3 plugins.
Preloading 0 native plugins for Editor in 0.00 ms.
Unloading 3059 Unused Serialized files (Serialized files now loaded: 0)
Unloading 21 unused Assets / (1.2 MB). Loaded Objects now: 3601.
Memory consumption went from 130.2 MB to 129.0 MB.
Total: 6.696800 ms (FindLiveObjects: 0.575200 ms CreateObjectMapping: 0.346900 ms MarkObjects: 4.361200 ms  DeleteObjects: 1.412100 ms)

AssetImportParameters requested are different than current active one (requested -> active):
  custom:video-decoder-ogg-theora: a1e56fd34408186e4bbccfd4996cb3dc -> 
  custom:container-muxer-webm: aa71ff27fc2769a1b78a27578f13a17b -> 
  custom:container-demuxer-webm: 4f35f7cbe854078d1ac9338744f61a02 -> 
  custom:video-encoder-webm-vp8: eb34c28f22e8b96e1ab97ce403110664 -> 
  custom:video-codec-MediaFoundation-h265: 746d11721c4dcdbdad8f713fa42b33f4 -> 
  custom:audio-encoder-webm-vorbis: bf7c407c2cedff20999df2af8eb42d56 -> 
  custom:framework-win-MediaFoundation: 216162199b28c13a410421893ffa2e32 -> 
  custom:container-demuxer-ogg: 62fdf1f143b41e24485cea50d1cbac27 -> 
  custom:video-decoder-webm-vp8: 9c59270c3fd7afecdb556c50c9e8de78 -> 
  custom:audio-decoder-ogg-vorbis: bf7c407c2cedff20999df2af8eb42d56 -> 
========================================================================
Received Import Request.
  Time since last request: 565.777369 seconds.
  path: Assets/unity-chan!/Unity-chan! Model/Art/UnityChanShader/Materials/eye_L1.mat
  artifactKey: Guid(a0186681a218f4550a84e6f0488e8b61) Importer(815301076,1909f56bfc062723c751e8b465ee728b)
Start importing Assets/unity-chan!/Unity-chan! Model/Art/UnityChanShader/Materials/eye_L1.mat using Guid(a0186681a218f4550a84e6f0488e8b61) Importer(815301076,1909f56bfc062723c751e8b465ee728b)  -> (artifact id: '7b345167e3209278dab4d038ca2eed35') in 0.080072 seconds 
========================================================================
Received Import Request.
  Time since last request: 0.000058 seconds.
  path: Assets/unity-chan!/Unity-chan! Model/Art/UnityChanShader/Materials/eyeline.mat
  artifactKey: Guid(7bac98231102243919a4534a06cc74ba) Importer(815301076,1909f56bfc062723c751e8b465ee728b)
Start importing Assets/unity-chan!/Unity-chan! Model/Art/UnityChanShader/Materials/eyeline.mat using Guid(7bac98231102243919a4534a06cc74ba) Importer(815301076,1909f56bfc062723c751e8b465ee728b)  -> (artifact id: 'b67e791efd8e247f41db2db09f94cd9c') in 0.023667 seconds 
========================================================================
Received Import Request.
  Time since last request: 0.000040 seconds.
  path: Assets/unity-chan!/Unity-chan! Model/Art/UnityChanShader/Materials/eyebase.mat
  artifactKey: Guid(c7d8484a18b294b4ea192d6a82f2e0d5) Importer(815301076,1909f56bfc062723c751e8b465ee728b)
Start importing Assets/unity-chan!/Unity-chan! Model/Art/UnityChanShader/Materials/eyebase.mat using Guid(c7d8484a18b294b4ea192d6a82f2e0d5) Importer(815301076,1909f56bfc062723c751e8b465ee728b)  -> (artifact id: 'b7a1c6bf753a97464d41a124d7936a1d') in 0.021369 seconds 
========================================================================
Received Import Request.
  Time since last request: 0.000035 seconds.
  path: Assets/unity-chan!/Unity-chan! Model/Art/UnityChanShader/Materials/mat_cheek.mat
  artifactKey: Guid(4efe8cdcc7b554591bde513d7bde06d0) Importer(815301076,1909f56bfc062723c751e8b465ee728b)
Start importing Assets/unity-chan!/Unity-chan! Model/Art/UnityChanShader/Materials/mat_cheek.mat using Guid(4efe8cdcc7b554591bde513d7bde06d0) Importer(815301076,1909f56bfc062723c751e8b465ee728b)  -> (artifact id: 'b35c0c5647106f7e0c9ff790ea3ff947') in 0.012093 seconds 
========================================================================
Received Import Request.
  Time since last request: 0.000021 seconds.
  path: Assets/unity-chan!/Unity-chan! Model/Art/UnityChanShader/Materials/eye_R1.mat
  artifactKey: Guid(f37e71293707f43b9b83c1925ad01bd7) Importer(815301076,1909f56bfc062723c751e8b465ee728b)
Start importing Assets/unity-chan!/Unity-chan! Model/Art/UnityChanShader/Materials/eye_R1.mat using Guid(f37e71293707f43b9b83c1925ad01bd7) Importer(815301076,1909f56bfc062723c751e8b465ee728b)  -> (artifact id: 'ee11426eb65e305c0ffeb6b7cbc5df79') in 0.015225 seconds 
========================================================================
Received Import Request.
  Time since last request: 0.000042 seconds.
  path: Assets/unity-chan!/Unity-chan! Model/Art/UnityChanShader/Materials/skin1.mat
  artifactKey: Guid(4b91d906c72fd4447bfabbdd767e31ad) Importer(815301076,1909f56bfc062723c751e8b465ee728b)
Start importing Assets/unity-chan!/Unity-chan! Model/Art/UnityChanShader/Materials/skin1.mat using Guid(4b91d906c72fd4447bfabbdd767e31ad) Importer(815301076,1909f56bfc062723c751e8b465ee728b)  -> (artifact id: '981200011eca4333472023f72a0cc91c') in 0.024012 seconds 
Editor requested this worker to shutdown with reason: Scaling down because of idle timeout
AssetImportWorker is now disconnected from the server
Process exiting
Exiting without the bug reporter. Application will terminate with return code 0